<?xml version="1.0" encoding="UTF-8"?>
<!-- Generated by org.testng.reporters.JUnitXMLReporter -->
<testsuite ignored="0" hostname="Shubham" failures="0" tests="3" name="Default test" time="16.737" errors="0" timestamp="2026-03-06T00:33:31 IST">
  <testcase classname="testScripts.TestScript" name="testCreateArticle" time="2.752"/>
  <testcase classname="testScripts.TestScript" name="testEditArticle" time="3.327"/>
  <testcase classname="testScripts.TestScript" name="testDeleteArticle" time="0.767"/>
</testsuite> <!-- Default test -->
