<?xml version="1.0" encoding="UTF-8"?>
<!-- Generated by org.testng.reporters.JUnitReportReporter -->
<testsuite hostname="Shubham" failures="0" tests="3" name="testScripts.TestScript" time="6.846" errors="0" timestamp="2026-03-06T00:33:32 IST" skipped="0">
  <testcase classname="testScripts.TestScript" name="testCreateArticle" time="2.752"/>
  <testcase classname="testScripts.TestScript" name="testEditArticle" time="3.327"/>
  <testcase classname="testScripts.TestScript" name="testDeleteArticle" time="0.767"/>
</testsuite> <!-- testScripts.TestScript -->
