<?xml version="1.0" encoding="UTF-8"?>
<testng-results ignored="0" total="3" passed="3" failed="0" skipped="0">
  <reporter-output>
  </reporter-output>
  <suite started-at="2026-03-06T00:33:14 IST" name="Default suite" finished-at="2026-03-06T00:33:31 IST" duration-ms="16737">
    <groups>
    </groups>
    <test started-at="2026-03-06T00:33:14 IST" name="Default test" finished-at="2026-03-06T00:33:31 IST" duration-ms="16737">
      <class name="testScripts.TestScript">
        <test-method is-config="true" signature="setup()[pri:0, instance:testScripts.TestScript@36ebc363]" started-at="2026-03-06T00:33:15 IST" name="setup" finished-at="2026-03-06T00:33:24 IST" duration-ms="8987" status="PASS">
          <reporter-output>
          </reporter-output>
        </test-method> <!-- setup -->
        <test-method signature="testCreateArticle()[pri:1, instance:testScripts.TestScript@36ebc363]" started-at="2026-03-06T00:33:24 IST" name="testCreateArticle" finished-at="2026-03-06T00:33:26 IST" duration-ms="2752" status="PASS">
          <reporter-output>
          </reporter-output>
        </test-method> <!-- testCreateArticle -->
        <test-method signature="testEditArticle()[pri:2, instance:testScripts.TestScript@36ebc363]" started-at="2026-03-06T00:33:26 IST" name="testEditArticle" finished-at="2026-03-06T00:33:30 IST" duration-ms="3327" status="PASS">
          <reporter-output>
          </reporter-output>
        </test-method> <!-- testEditArticle -->
        <test-method signature="testDeleteArticle()[pri:3, instance:testScripts.TestScript@36ebc363]" started-at="2026-03-06T00:33:30 IST" name="testDeleteArticle" finished-at="2026-03-06T00:33:30 IST" duration-ms="767" status="PASS">
          <reporter-output>
          </reporter-output>
        </test-method> <!-- testDeleteArticle -->
        <test-method is-config="true" signature="tearDown()[pri:0, instance:testScripts.TestScript@36ebc363]" started-at="2026-03-06T00:33:30 IST" name="tearDown" finished-at="2026-03-06T00:33:31 IST" duration-ms="754" status="PASS">
          <reporter-output>
          </reporter-output>
        </test-method> <!-- tearDown -->
      </class> <!-- testScripts.TestScript -->
    </test> <!-- Default test -->
  </suite> <!-- Default suite -->
</testng-results>
